<?xml version="1.0" encoding="UTF-8"?>
<!-- Generated by org.testng.reporters.JUnitReportReporter -->
<testsuite hostname="DESKTOP-J5OBS0H" name="nopcommerce_TCs.Swicth_Page" tests="4" failures="0" timestamp="11 Jul 2022 10:13:19 GMT" time="7.603" errors="0">
  <testcase name="Login_01_Register_User" time="3.041" classname="nopcommerce_TCs.Swicth_Page"/>
  <testcase name="Login_User" time="1.832" classname="nopcommerce_TCs.Swicth_Page"/>
  <testcase name="Switch_Page" time="2.067" classname="nopcommerce_TCs.Swicth_Page"/>
  <testcase name="My_Account" time="0.663" classname="nopcommerce_TCs.Swicth_Page"/>
</testsuite> <!-- nopcommerce_TCs.Swicth_Page -->
