<?xml version="1.0" encoding="UTF-8"?>
<!-- Generated by org.testng.reporters.JUnitReportReporter -->
<testsuite hostname="DESKTOP-5SUQE79" name="nopcommerce_TCs.Swicth_Page" tests="4" failures="0" timestamp="15 Jul 2022 15:34:01 GMT" time="15.880" errors="0">
  <testcase name="Login_User" time="3.412" classname="nopcommerce_TCs.Swicth_Page"/>
  <testcase name="My_Account" time="1.283" classname="nopcommerce_TCs.Swicth_Page"/>
  <testcase name="Login_01_Register_User" time="6.071" classname="nopcommerce_TCs.Swicth_Page"/>
  <testcase name="Switch_Page" time="5.114" classname="nopcommerce_TCs.Swicth_Page"/>
</testsuite> <!-- nopcommerce_TCs.Swicth_Page -->
